2023-12-15 01:32:59,278 [INFO] ApplicationProperties:184 - Using Application install path: G:\STM32CubeIDE_1.12.1\STM32CubeIDE\plugins\com.st.stm32cube.common.mx_6.8.1.202304191431
2023-12-15 01:32:59,296 [INFO] DbMcusXml:78 - Set database path to: G:\STM32CubeIDE_1.12.1\STM32CubeIDE\plugins\com.st.stm32cube.common.mx_6.8.1.202304191431\\db\/mcu/
2023-12-15 01:32:59,296 [INFO] ApiDb:274 - Set plugin database path to: G:\STM32CubeIDE_1.12.1\STM32CubeIDE\plugins\com.st.stm32cube.common.mx_6.8.1.202304191431\\db\/plugins/boardmanager/
2023-12-15 01:32:59,297 [WARN] ApiDb:259 - Overriding images path with different value:  => G:\STM32CubeIDE_1.12.1\STM32CubeIDE\plugins\com.st.stm32cube.common.mx_6.8.1.202304191431\\db\/plugins/mcufinder/images/
2023-12-15 01:32:59,304 [INFO] ApiDb:250 - Set database path to: C:\Users\leofxp\.stmcufinder\plugins\mcufinder//mcu/
2023-12-15 01:32:59,305 [INFO] DbMcusAds:125 - Set database path to: C:\Users\leofxp\.stmcufinder\plugins\mcufinder//mcu/
2023-12-15 01:32:59,320 [INFO] CrossReferenceDbSqlite:203 - Set database path to: C:\Users\leofxp\.stmcufinder\plugins\mcufinder//mcu/cs/
2023-12-15 01:32:59,411 [INFO] RulesReader:64 - Compatibility file has been processed (293 Rules)
2023-12-15 01:32:59,473 [INFO] DbMcusXml:78 - Set database path to: G:\STM32CubeIDE_1.12.1\STM32CubeIDE\plugins\com.st.stm32cube.common.mx_6.8.1.202304191431\\db\/mcu/
2023-12-15 01:32:59,473 [INFO] ApiDb:274 - Set plugin database path to: G:\STM32CubeIDE_1.12.1\STM32CubeIDE\plugins\com.st.stm32cube.common.mx_6.8.1.202304191431\\db\/plugins/boardmanager/
2023-12-15 01:32:59,473 [INFO] ApiDb:261 - Set plugin images path to: G:\STM32CubeIDE_1.12.1\STM32CubeIDE\plugins\com.st.stm32cube.common.mx_6.8.1.202304191431\\db\/plugins/mcufinder/images/
2023-12-15 01:32:59,473 [WARN] DbFile:41 - Overriding database path with different value: C:\Users\leofxp\.stmcufinder\plugins\mcufinder/ => C:\Users\leofxp\.stmcufinder\plugins\mcufinder
2023-12-15 01:32:59,473 [INFO] ApiDb:250 - Set database path to: C:\Users\leofxp\.stmcufinder\plugins\mcufinder//mcu/
2023-12-15 01:32:59,473 [WARN] DbFile:41 - Overriding database path with different value: C:\Users\leofxp\.stmcufinder\plugins\mcufinder/ => C:\Users\leofxp\.stmcufinder\plugins\mcufinder
2023-12-15 01:32:59,473 [INFO] DbMcusAds:125 - Set database path to: C:\Users\leofxp\.stmcufinder\plugins\mcufinder//mcu/
2023-12-15 01:32:59,473 [WARN] DbFile:41 - Overriding database path with different value: C:\Users\leofxp\.stmcufinder\plugins\mcufinder/ => C:\Users\leofxp\.stmcufinder\plugins\mcufinder
2023-12-15 01:32:59,473 [WARN] DbFile:41 - Overriding database path with different value: C:\Users\leofxp\.stmcufinder\plugins\mcufinder/ => C:\Users\leofxp\.stmcufinder\plugins\mcufinder
2023-12-15 01:32:59,474 [INFO] CrossReferenceDbSqlite:203 - Set database path to: C:\Users\leofxp\.stmcufinder\plugins\mcufinder//mcu/cs/
2023-12-15 01:32:59,534 [INFO] MainPanel:253 - HeapMemory: 565182464
2023-12-15 01:32:59,589 [INFO] DbMcusXml:78 - Set database path to: G:\STM32CubeIDE_1.12.1\STM32CubeIDE\plugins\com.st.stm32cube.common.mx_6.8.1.202304191431\\db\/mcu/
2023-12-15 01:32:59,589 [INFO] ApiDb:274 - Set plugin database path to: G:\STM32CubeIDE_1.12.1\STM32CubeIDE\plugins\com.st.stm32cube.common.mx_6.8.1.202304191431\\db\/plugins/boardmanager/
2023-12-15 01:32:59,589 [INFO] ApiDb:261 - Set plugin images path to: G:\STM32CubeIDE_1.12.1\STM32CubeIDE\plugins\com.st.stm32cube.common.mx_6.8.1.202304191431\\db\/plugins/mcufinder/images/
2023-12-15 01:32:59,589 [WARN] DbFile:41 - Overriding database path with different value: C:\Users\leofxp\.stmcufinder\plugins\mcufinder/ => C:\Users\leofxp\.stmcufinder\plugins\mcufinder
2023-12-15 01:32:59,589 [INFO] ApiDb:250 - Set database path to: C:\Users\leofxp\.stmcufinder\plugins\mcufinder//mcu/
2023-12-15 01:32:59,589 [WARN] DbFile:41 - Overriding database path with different value: C:\Users\leofxp\.stmcufinder\plugins\mcufinder/ => C:\Users\leofxp\.stmcufinder\plugins\mcufinder
2023-12-15 01:32:59,589 [INFO] DbMcusAds:125 - Set database path to: C:\Users\leofxp\.stmcufinder\plugins\mcufinder//mcu/
2023-12-15 01:32:59,589 [WARN] DbFile:41 - Overriding database path with different value: C:\Users\leofxp\.stmcufinder\plugins\mcufinder/ => C:\Users\leofxp\.stmcufinder\plugins\mcufinder
2023-12-15 01:32:59,589 [WARN] DbFile:41 - Overriding database path with different value: C:\Users\leofxp\.stmcufinder\plugins\mcufinder/ => C:\Users\leofxp\.stmcufinder\plugins\mcufinder
2023-12-15 01:32:59,589 [INFO] CrossReferenceDbSqlite:203 - Set database path to: C:\Users\leofxp\.stmcufinder\plugins\mcufinder//mcu/cs/
2023-12-15 01:32:59,603 [INFO] ApplicationProperties:184 - Using Application install path: G:\STM32CubeIDE_1.12.1\STM32CubeIDE\plugins\com.st.stm32cube.common.mx_6.8.1.202304191431
2023-12-15 01:32:59,604 [INFO] PluginManage:196 - Search for loadable plugins [exclusion list=, ]
2023-12-15 01:32:59,605 [INFO] PluginManage:310 - Check plugin analytics
2023-12-15 01:32:59,719 [INFO] AnalyticsPlugin:253 - Accepted Software Licenses: 
2023-12-15 01:32:59,720 [INFO] AnalyticsPlugin:255 - Accepted CMSIS Pack Licenses: 
2023-12-15 01:32:59,720 [INFO] AnalyticsPlugin:257 - Accepted Firmware Licenses: 
2023-12-15 01:32:59,722 [INFO] PluginManage:359 - Loaded plugin analytics (category:tool,tabindex:-1)
2023-12-15 01:32:59,722 [INFO] PluginManage:310 - Check plugin cadmodel
2023-12-15 01:32:59,734 [INFO] CADModel:105 - Init CAD model plugin
2023-12-15 01:32:59,735 [INFO] PluginManage:359 - Loaded plugin cadmodel (category:power,tabindex:5)
2023-12-15 01:32:59,735 [INFO] PluginManage:310 - Check plugin clock
2023-12-15 01:32:59,750 [INFO] PluginManage:359 - Loaded plugin clock (category:base,tabindex:2)
2023-12-15 01:32:59,750 [INFO] PluginManage:310 - Check plugin ddr
2023-12-15 01:32:59,752 [INFO] PluginManage:359 - Loaded plugin ddr (category:tool,tabindex:6)
2023-12-15 01:32:59,752 [INFO] PluginManage:310 - Check plugin filemanager
2023-12-15 01:32:59,866 [INFO] PluginManage:359 - Loaded plugin filemanager (category:base,tabindex:10)
2023-12-15 01:32:59,866 [INFO] PluginManage:310 - Check plugin ipmanager
2023-12-15 01:32:59,872 [INFO] PluginManage:359 - Loaded plugin ipmanager (category:base,tabindex:5)
2023-12-15 01:32:59,872 [INFO] PluginManage:310 - Check plugin lpbam
2023-12-15 01:32:59,891 [INFO] PluginManage:359 - Loaded plugin lpbam (category:base,tabindex:0)
2023-12-15 01:32:59,891 [INFO] PluginManage:310 - Check plugin pinoutandconfiguration
2023-12-15 01:32:59,906 [INFO] PluginManage:359 - Loaded plugin pinoutandconfiguration (category:base,tabindex:1)
2023-12-15 01:32:59,906 [INFO] PluginManage:310 - Check plugin pinoutconfig
2023-12-15 01:32:59,967 [WARN] SupportedApi:132 - Cannot load RTOS API schema: s4s-elt-must-match.1: The content of 'definitions' must match (annotation?, (simpleType | complexType)?, (unique | key | keyref)*)). A problem was found starting at: attribute.
2023-12-15 01:33:00,056 [INFO] PluginManage:359 - Loaded plugin pinoutconfig (category:base,tabindex:0)
2023-12-15 01:33:00,056 [INFO] PluginManage:310 - Check plugin power
2023-12-15 01:33:00,071 [INFO] PluginManage:359 - Loaded plugin power (category:power,tabindex:4)
2023-12-15 01:33:00,071 [INFO] PluginManage:310 - Check plugin projectmanager
2023-12-15 01:33:00,081 [INFO] PluginManage:359 - Loaded plugin projectmanager (category:projectmanager,tabindex:3)
2023-12-15 01:33:00,081 [INFO] PluginManage:310 - Check plugin thirdparty
2023-12-15 01:33:00,234 [INFO] PluginManage:359 - Loaded plugin thirdparty (category:base,tabindex:-1)
2023-12-15 01:33:00,234 [WARN] IntegrityCheckThread:84 - waiting for thirdparty lock release [integrity check]
2023-12-15 01:33:00,234 [INFO] PluginManage:310 - Check plugin tools
2023-12-15 01:33:00,234 [INFO] IntegrityCheckThread:86 - entering critical section [integrity check]
2023-12-15 01:33:00,235 [INFO] ThirdPartyUpdaterWithRetryManager:70 - Updater plugin not ready yet. [1/15]
2023-12-15 01:33:00,251 [INFO] PluginManage:359 - Loaded plugin tools (category:base,tabindex:7)
2023-12-15 01:33:00,251 [INFO] PluginManage:310 - Check plugin tutovideos
2023-12-15 01:33:00,452 [INFO] PluginManage:359 - Loaded plugin tutovideos (category:base,tabindex:-1)
2023-12-15 01:33:00,452 [INFO] PluginManage:310 - Check plugin updater
2023-12-15 01:33:00,468 [INFO] PluginManage:359 - Loaded plugin updater (category:base,tabindex:12)
2023-12-15 01:33:00,469 [INFO] PluginManage:283 - PluginManage : Loaded plugins [15]
2023-12-15 01:33:00,667 [INFO] PinOutPanel:1499 - setPackage(No Configuration,No Configuration)
2023-12-15 01:33:00,713 [INFO] CADModel:165 - CPN selected for project level
2023-12-15 01:33:00,713 [INFO] CADModel:114 - Register for checkConnection events
2023-12-15 01:33:00,733 [INFO] IPUIPlugin:80 - create IPUIPlugin
2023-12-15 01:33:00,733 [INFO] PluginManager:220 - loadIPPluginJar : add adc
2023-12-15 01:33:00,755 [INFO] IPUIPlugin:80 - create IPUIPlugin
2023-12-15 01:33:00,755 [INFO] PluginManager:220 - loadIPPluginJar : add aes
2023-12-15 01:33:00,778 [INFO] IPUIPlugin:80 - create IPUIPlugin
2023-12-15 01:33:00,778 [INFO] PluginManager:220 - loadIPPluginJar : add can
2023-12-15 01:33:00,795 [INFO] IPUIPlugin:80 - create IPUIPlugin
2023-12-15 01:33:00,795 [INFO] PluginManager:220 - loadIPPluginJar : add comp
2023-12-15 01:33:00,816 [INFO] IPUIPlugin:80 - create IPUIPlugin
2023-12-15 01:33:00,816 [INFO] PluginManager:220 - loadIPPluginJar : add cryp
2023-12-15 01:33:00,836 [INFO] IPUIPlugin:80 - create IPUIPlugin
2023-12-15 01:33:00,836 [INFO] PluginManager:220 - loadIPPluginJar : add dfsdm
2023-12-15 01:33:00,853 [INFO] IPUIPlugin:80 - create IPUIPlugin
2023-12-15 01:33:00,853 [INFO] PluginManager:220 - loadIPPluginJar : add dma
2023-12-15 01:33:00,880 [INFO] IPUIPlugin:80 - create IPUIPlugin
2023-12-15 01:33:00,880 [INFO] PluginManager:220 - loadIPPluginJar : add dma3
2023-12-15 01:33:00,892 [INFO] IPUIPlugin:80 - create IPUIPlugin
2023-12-15 01:33:00,892 [INFO] PluginManager:220 - loadIPPluginJar : add fatfs
2023-12-15 01:33:00,922 [INFO] IPUIPlugin:80 - create IPUIPlugin
2023-12-15 01:33:00,922 [INFO] PluginManager:220 - loadIPPluginJar : add fmc
2023-12-15 01:33:00,934 [INFO] IPUIPlugin:80 - create IPUIPlugin
2023-12-15 01:33:00,934 [INFO] PluginManager:220 - loadIPPluginJar : add freertos
2023-12-15 01:33:00,961 [INFO] IPUIPlugin:80 - create IPUIPlugin
2023-12-15 01:33:00,961 [INFO] PluginManager:220 - loadIPPluginJar : add genericplugin
2023-12-15 01:33:01,016 [INFO] IPUIPlugin:80 - create IPUIPlugin
2023-12-15 01:33:01,016 [INFO] PluginManager:220 - loadIPPluginJar : add gfxmmu
2023-12-15 01:33:01,093 [INFO] IPUIPlugin:80 - create IPUIPlugin
2023-12-15 01:33:01,093 [INFO] PluginManager:220 - loadIPPluginJar : add gic
2023-12-15 01:33:01,102 [INFO] IPUIPlugin:80 - create IPUIPlugin
2023-12-15 01:33:01,102 [INFO] PluginManager:220 - loadIPPluginJar : add gpio
2023-12-15 01:33:01,162 [INFO] IPUIPlugin:80 - create IPUIPlugin
2023-12-15 01:33:01,163 [INFO] PluginManager:220 - loadIPPluginJar : add gtzc
2023-12-15 01:33:01,183 [INFO] IPUIPlugin:80 - create IPUIPlugin
2023-12-15 01:33:01,183 [INFO] PluginManager:220 - loadIPPluginJar : add hash
2023-12-15 01:33:01,214 [INFO] IPUIPlugin:80 - create IPUIPlugin
2023-12-15 01:33:01,214 [INFO] PluginManager:220 - loadIPPluginJar : add i2c
2023-12-15 01:33:01,239 [INFO] IPUIPlugin:80 - create IPUIPlugin
2023-12-15 01:33:01,240 [INFO] PluginManager:220 - loadIPPluginJar : add i2s
2023-12-15 01:33:01,263 [INFO] IPUIPlugin:80 - create IPUIPlugin
2023-12-15 01:33:01,263 [INFO] PluginManager:220 - loadIPPluginJar : add i3c
2023-12-15 01:33:01,325 [INFO] IPUIPlugin:80 - create IPUIPlugin
2023-12-15 01:33:01,325 [INFO] PluginManager:220 - loadIPPluginJar : add ipddr
2023-12-15 01:33:01,381 [INFO] IPUIPlugin:80 - create IPUIPlugin
2023-12-15 01:33:01,381 [INFO] PluginManager:220 - loadIPPluginJar : add linkedlist
2023-12-15 01:33:01,404 [INFO] IPUIPlugin:80 - create IPUIPlugin
2023-12-15 01:33:01,404 [INFO] PluginManager:220 - loadIPPluginJar : add lorawan
2023-12-15 01:33:01,427 [INFO] IPUIPlugin:80 - create IPUIPlugin
2023-12-15 01:33:01,427 [INFO] PluginManager:220 - loadIPPluginJar : add ltdc
2023-12-15 01:33:01,438 [INFO] IPUIPlugin:80 - create IPUIPlugin
2023-12-15 01:33:01,438 [INFO] PluginManager:220 - loadIPPluginJar : add mdma
2023-12-15 01:33:01,448 [INFO] IPUIPlugin:80 - create IPUIPlugin
2023-12-15 01:33:01,448 [INFO] PluginManager:220 - loadIPPluginJar : add nvic
2023-12-15 01:33:01,471 [INFO] IPUIPlugin:80 - create IPUIPlugin
2023-12-15 01:33:01,471 [INFO] PluginManager:220 - loadIPPluginJar : add opamp
2023-12-15 01:33:01,507 [INFO] IPUIPlugin:80 - create IPUIPlugin
2023-12-15 01:33:01,508 [INFO] PluginManager:220 - loadIPPluginJar : add openamp
2023-12-15 01:33:01,544 [INFO] IPUIPlugin:80 - create IPUIPlugin
2023-12-15 01:33:01,544 [INFO] PluginManager:220 - loadIPPluginJar : add pdm2pcm
2023-12-15 01:33:01,555 [INFO] IPUIPlugin:80 - create IPUIPlugin
2023-12-15 01:33:01,557 [INFO] PluginManager:220 - loadIPPluginJar : add plateformsettings
2023-12-15 01:33:01,572 [INFO] IPUIPlugin:80 - create IPUIPlugin
2023-12-15 01:33:01,572 [INFO] PluginManager:220 - loadIPPluginJar : add quadspi
2023-12-15 01:33:01,582 [INFO] IPUIPlugin:80 - create IPUIPlugin
2023-12-15 01:33:01,582 [INFO] PluginManager:220 - loadIPPluginJar : add resmgrutility
2023-12-15 01:33:01,614 [INFO] IPUIPlugin:80 - create IPUIPlugin
2023-12-15 01:33:01,615 [INFO] PluginManager:220 - loadIPPluginJar : add sai
2023-12-15 01:33:01,643 [INFO] IPUIPlugin:80 - create IPUIPlugin
2023-12-15 01:33:01,643 [INFO] PluginManager:220 - loadIPPluginJar : add spi
2023-12-15 01:33:01,679 [INFO] IPUIPlugin:80 - create IPUIPlugin
2023-12-15 01:33:01,680 [INFO] PluginManager:220 - loadIPPluginJar : add stm32_wpan
2023-12-15 01:33:01,694 [INFO] IPUIPlugin:80 - create IPUIPlugin
2023-12-15 01:33:01,694 [INFO] PluginManager:220 - loadIPPluginJar : add tim
2023-12-15 01:33:01,728 [INFO] IPUIPlugin:80 - create IPUIPlugin
2023-12-15 01:33:01,728 [INFO] PluginManager:220 - loadIPPluginJar : add touchsensing
2023-12-15 01:33:01,747 [INFO] IPUIPlugin:80 - create IPUIPlugin
2023-12-15 01:33:01,747 [INFO] PluginManager:220 - loadIPPluginJar : add tracer_emb
2023-12-15 01:33:01,760 [INFO] IPUIPlugin:80 - create IPUIPlugin
2023-12-15 01:33:01,760 [INFO] PluginManager:220 - loadIPPluginJar : add ts
2023-12-15 01:33:01,772 [INFO] IPUIPlugin:80 - create IPUIPlugin
2023-12-15 01:33:01,772 [INFO] PluginManager:220 - loadIPPluginJar : add tsc
2023-12-15 01:33:01,786 [INFO] IPUIPlugin:80 - create IPUIPlugin
2023-12-15 01:33:01,786 [INFO] PluginManager:220 - loadIPPluginJar : add ucpd
2023-12-15 01:33:01,812 [INFO] IPUIPlugin:80 - create IPUIPlugin
2023-12-15 01:33:01,812 [INFO] PluginManager:220 - loadIPPluginJar : add usart
2023-12-15 01:33:01,841 [INFO] IPUIPlugin:80 - create IPUIPlugin
2023-12-15 01:33:01,842 [INFO] PluginManager:220 - loadIPPluginJar : add usbx
2023-12-15 01:33:01,960 [INFO] CADModel:165 - CPN selected for project level
2023-12-15 01:33:01,960 [INFO] CADModel:114 - Register for checkConnection events
2023-12-15 01:33:01,960 [FATAL] Updater:308 - Updater called before beeing initialized
2023-12-15 01:33:01,960 [ERROR] CADModel:125 - Updater not yet initialized, retry later 
2023-12-15 01:33:02,072 [INFO] CADModel:165 - CPN selected for project level
2023-12-15 01:33:02,073 [INFO] CADModel:114 - Register for checkConnection events
2023-12-15 01:33:02,073 [FATAL] Updater:308 - Updater called before beeing initialized
2023-12-15 01:33:02,073 [ERROR] CADModel:125 - Updater not yet initialized, retry later 
2023-12-15 01:33:02,075 [FATAL] Updater:308 - Updater called before beeing initialized
2023-12-15 01:33:02,164 [FATAL] Updater:308 - Updater called before beeing initialized
2023-12-15 01:33:02,173 [INFO] DbMcusAds:53 - JSON generation date=Wed Nov 29 18:52:38 CST 2023 (1701255158764)
2023-12-15 01:33:02,173 [FATAL] Updater:308 - Updater called before beeing initialized
2023-12-15 01:33:02,226 [WARN] DetailPanel:346 - Failed to get advertising image, set to default
2023-12-15 01:33:02,325 [FATAL] Updater:308 - Updater called before beeing initialized
2023-12-15 01:33:02,327 [FATAL] Updater:308 - Updater called before beeing initialized
2023-12-15 01:33:02,327 [FATAL] Updater:308 - Updater called before beeing initialized
2023-12-15 01:33:02,327 [WARN] DetailPanel:346 - Failed to get advertising image, set to default
2023-12-15 01:33:02,328 [FATAL] Updater:308 - Updater called before beeing initialized
2023-12-15 01:33:02,409 [ERROR] Updater:1120 - MainUpdater not yet initialized. External WinMGr cannot be set.
2023-12-15 01:33:02,419 [INFO] Updater:1056 - Updater Version found : 6.8.1
2023-12-15 01:33:02,437 [INFO] ApplicationProperties:184 - Using Application install path: G:\STM32CubeIDE_1.12.1\STM32CubeIDE\plugins\com.st.stm32cube.common.mx_6.8.1.202304191431
2023-12-15 01:33:02,659 [INFO] MainUpdater:2854 - connection check result : 10
2023-12-15 01:33:02,661 [INFO] MainUpdater:283 - Updater Check For Update Now.
2023-12-15 01:33:02,661 [INFO] MicroXplorer:498 - Change Database Version : DB.6.0.81
2023-12-15 01:33:02,840 [INFO] CheckServerUpdateThread:120 - End of CheckServer Thread
2023-12-15 01:33:02,892 [INFO] MainUpdater:2854 - connection check result : 10
2023-12-15 01:33:02,897 [INFO] MainUpdater:2854 - connection check result : 10
2023-12-15 01:33:03,029 [INFO] MicroXplorer:468 - Change Database Path : 
2023-12-15 01:33:03,029 [INFO] MicroXplorer:498 - Change Database Version : DB.6.0.81
2023-12-15 01:33:03,030 [WARN] ThirdParty:871 - waiting for thirdparty lock release [close project]
2023-12-15 01:33:03,379 [WARN] PackLoader:240 - Cannot read IP mode file for STMicroelectronics.X-CUBE-SMBUS.2.1.0
2023-12-15 01:33:03,411 [WARN] PackLoader:240 - Cannot read IP mode file for STMicroelectronics.X-CUBE-AZRTOS-F7.1.1.0
2023-12-15 01:33:03,422 [WARN] PackLoader:240 - Cannot read IP mode file for STMicroelectronics.FP-SNS-MOTENV1.4.3.2
2023-12-15 01:33:03,431 [WARN] PackLoader:240 - Cannot read IP mode file for STMicroelectronics.FP-SNS-FLIGHT1.5.0.2
2023-12-15 01:33:03,441 [WARN] PackLoader:240 - Cannot read IP mode file for STMicroelectronics.X-CUBE-DISPLAY.3.0.0
2023-12-15 01:33:03,454 [WARN] PackLoader:240 - Cannot read IP mode file for STMicroelectronics.X-CUBE-BLE1.7.0.0
2023-12-15 01:33:03,462 [WARN] PackLoader:240 - Cannot read IP mode file for emotas.I-CUBE-CANOPEN.1.3.0
2023-12-15 01:33:03,470 [WARN] PackLoader:240 - Cannot read IP mode file for STMicroelectronics.X-CUBE-TOUCHGFX.4.22.1
2023-12-15 01:33:03,478 [WARN] PackLoader:240 - Cannot read IP mode file for STMicroelectronics.FP-SNS-SMARTAG2.1.2.0
